<?xml version="1.0" encoding="UTF-8"?>
<testsuite name="uk.tw.jtc.service.BillingServiceTest" tests="1" skipped="0" failures="0" errors="0" timestamp="2021-07-20T02:25:25" hostname="qiangs-MacBook-Pro.local" time="0.065">
  <properties/>
  <testcase name="generateBillShouldReturn()" classname="uk.tw.jtc.service.BillingServiceTest" time="0.065"/>
  <system-out><![CDATA[]]></system-out>
  <system-err><![CDATA[]]></system-err>
</testsuite>
